# JRE version: OpenJDK Runtime Environment (8.0_112-b05) (build 1.8.0_112-release-b05)
# Java VM: OpenJDK 64-Bit Server VM (25.112-b05 mixed mode bsd-amd64 compressed oops)
Heap:
 PSYoungGen      total 341504K, used 25075K [0x00000007a0000000, 0x00000007bd300000, 0x00000007c0000000)
  eden space 316416K, 0% used [0x00000007a0000000,0x00000007a0000000,0x00000007b3500000)
  from space 25088K, 99% used [0x00000007b3500000,0x00000007b4d7cd78,0x00000007b4d80000)
  to   space 41472K, 0% used [0x00000007baa80000,0x00000007baa80000,0x00000007bd300000)
 ParOldGen       total 82944K, used 82801K [0x0000000760000000, 0x0000000765100000, 0x00000007a0000000)
  object space 82944K, 99% used [0x0000000760000000,0x00000007650dc6b8,0x0000000765100000)
 Metaspace       used 68848K, capacity 71886K, committed 72192K, reserved 1112064K
  class space    used 8660K, capacity 9149K, committed 9216K, reserved 1048576K
GC Heap History (10 events):
Event: 1011.079 GC heap after
Heap after GC invocations=27 (full 6):
 PSYoungGen      total 295936K, used 7518K [0x00000007a0000000, 0x00000007b4780000, 0x00000007c0000000)
  eden space 279040K, 0% used [0x00000007a0000000,0x00000007a0000000,0x00000007b1080000)
  from space 16896K, 44% used [0x00000007b1080000,0x00000007b17d7b58,0x00000007b2100000)
  to   space 15872K, 0% used [0x00000007b3800000,0x00000007b3800000,0x00000007b4780000)
 ParOldGen       total 81920K, used 34024K [0x0000000760000000, 0x0000000765000000, 0x00000007a0000000)
  object space 81920K, 41% used [0x0000000760000000,0x000000076213a338,0x0000000765000000)
 Metaspace       used 65845K, capacity 68320K, committed 68480K, reserved 1110016K
  class space    used 8376K, capacity 8780K, committed 8832K, reserved 1048576K
}
Event: 1089.979 GC heap before
{Heap before GC invocations=28 (full 6):
 PSYoungGen      total 295936K, used 286558K [0x00000007a0000000, 0x00000007b4780000, 0x00000007c0000000)
  eden space 279040K, 100% used [0x00000007a0000000,0x00000007b1080000,0x00000007b1080000)
  from space 16896K, 44% used [0x00000007b1080000,0x00000007b17d7b58,0x00000007b2100000)
  to   space 15872K, 0% used [0x00000007b3800000,0x00000007b3800000,0x00000007b4780000)
 ParOldGen       total 81920K, used 34024K [0x0000000760000000, 0x0000000765000000, 0x00000007a0000000)
  object space 81920K, 41% used [0x0000000760000000,0x000000076213a338,0x0000000765000000)
 Metaspace       used 67107K, capacity 69882K, committed 70016K, reserved 1110016K
  class space    used 8499K, capacity 8963K, committed 9088K, reserved 1048576K
Event: 1090.241 GC heap after
Heap after GC invocations=28 (full 6):
 PSYoungGen      total 317440K, used 14348K [0x00000007a0000000, 0x00000007b4880000, 0x00000007c0000000)
  eden space 301568K, 0% used [0x00000007a0000000,0x00000007a0000000,0x00000007b2680000)
  from space 15872K, 90% used [0x00000007b3800000,0x00000007b46032e0,0x00000007b4780000)
  to   space 17408K, 0% used [0x00000007b2680000,0x00000007b2680000,0x00000007b3780000)
 ParOldGen       total 81920K, used 34032K [0x0000000760000000, 0x0000000765000000, 0x00000007a0000000)
  object space 81920K, 41% used [0x0000000760000000,0x000000076213c338,0x0000000765000000)
 Metaspace       used 67107K, capacity 69882K, committed 70016K, reserved 1110016K
  class space    used 8499K, capacity 8963K, committed 9088K, reserved 1048576K
}
Event: 1111.673 GC heap before
{Heap before GC invocations=29 (full 6):
 PSYoungGen      total 317440K, used 315806K [0x00000007a0000000, 0x00000007b4880000, 0x00000007c0000000)
  eden space 301568K, 99% used [0x00000007a0000000,0x00000007b2664880,0x00000007b2680000)
  from space 15872K, 90% used [0x00000007b3800000,0x00000007b46032e0,0x00000007b4780000)
  to   space 17408K, 0% used [0x00000007b2680000,0x00000007b2680000,0x00000007b3780000)
 ParOldGen       total 81920K, used 34032K [0x0000000760000000, 0x0000000765000000, 0x00000007a0000000)
  object space 81920K, 41% used [0x0000000760000000,0x000000076213c338,0x0000000765000000)
 Metaspace       used 68090K, capacity 71070K, committed 71296K, reserved 1112064K
  class space    used 8584K, capacity 9075K, committed 9088K, reserved 1048576K
Event: 1111.736 GC heap after
Heap after GC invocations=29 (full 6):
 PSYoungGen      total 318976K, used 9817K [0x00000007a0000000, 0x00000007b5e80000, 0x00000007c0000000)
  eden space 301568K, 0% used [0x00000007a0000000,0x00000007a0000000,0x00000007b2680000)
  from space 17408K, 56% used [0x00000007b2680000,0x00000007b30166b0,0x00000007b3780000)
  to   space 17408K, 0% used [0x00000007b4d80000,0x00000007b4d80000,0x00000007b5e80000)
 ParOldGen       total 81920K, used 34040K [0x0000000760000000, 0x0000000765000000, 0x00000007a0000000)
  object space 81920K, 41% used [0x0000000760000000,0x000000076213e338,0x0000000765000000)
 Metaspace       used 68090K, capacity 71070K, committed 71296K, reserved 1112064K
  class space    used 8584K, capacity 9075K, committed 9088K, reserved 1048576K
}
Event: 1116.365 GC heap before
{Heap before GC invocations=30 (full 6):
 PSYoungGen      total 318976K, used 311385K [0x00000007a0000000, 0x00000007b5e80000, 0x00000007c0000000)
  eden space 301568K, 100% used [0x00000007a0000000,0x00000007b2680000,0x00000007b2680000)
  from space 17408K, 56% used [0x00000007b2680000,0x00000007b30166b0,0x00000007b3780000)
  to   space 17408K, 0% used [0x00000007b4d80000,0x00000007b4d80000,0x00000007b5e80000)
 ParOldGen       total 81920K, used 34040K [0x0000000760000000, 0x0000000765000000, 0x00000007a0000000)
  object space 81920K, 41% used [0x0000000760000000,0x000000076213e338,0x0000000765000000)
 Metaspace       used 68627K, capacity 71694K, committed 71936K, reserved 1112064K
  class space    used 8658K, capacity 9149K, committed 9216K, reserved 1048576K
Event: 1116.616 GC heap after
Heap after GC invocations=30 (full 6):
 PSYoungGen      total 333824K, used 17394K [0x00000007a0000000, 0x00000007b8c80000, 0x00000007c0000000)
  eden space 316416K, 0% used [0x00000007a0000000,0x00000007a0000000,0x00000007b3500000)
  from space 17408K, 99% used [0x00000007b4d80000,0x00000007b5e7c988,0x00000007b5e80000)
  to   space 25088K, 0% used [0x00000007b3500000,0x00000007b3500000,0x00000007b4d80000)
 ParOldGen       total 81920K, used 49250K [0x0000000760000000, 0x0000000765000000, 0x00000007a0000000)
  object space 81920K, 60% used [0x0000000760000000,0x0000000763018a78,0x0000000765000000)
 Metaspace       used 68627K, capacity 71694K, committed 71936K, reserved 1112064K
  class space    used 8658K, capacity 9149K, committed 9216K, reserved 1048576K
}
Event: 1119.590 GC heap before
{Heap before GC invocations=31 (full 6):
 PSYoungGen      total 333824K, used 333810K [0x00000007a0000000, 0x00000007b8c80000, 0x00000007c0000000)
  eden space 316416K, 100% used [0x00000007a0000000,0x00000007b3500000,0x00000007b3500000)
  from space 17408K, 99% used [0x00000007b4d80000,0x00000007b5e7c988,0x00000007b5e80000)
  to   space 25088K, 0% used [0x00000007b3500000,0x00000007b3500000,0x00000007b4d80000)
 ParOldGen       total 81920K, used 49250K [0x0000000760000000, 0x0000000765000000, 0x00000007a0000000)
  object space 81920K, 60% used [0x0000000760000000,0x0000000763018a78,0x0000000765000000)
 Metaspace       used 68848K, capacity 71886K, committed 72192K, reserved 1112064K
  class space    used 8660K, capacity 9149K, committed 9216K, reserved 1048576K
Event: 1119.861 GC heap after
Heap after GC invocations=31 (full 6):
 PSYoungGen      total 341504K, used 25075K [0x00000007a0000000, 0x00000007bd300000, 0x00000007c0000000)
  eden space 316416K, 0% used [0x00000007a0000000,0x00000007a0000000,0x00000007b3500000)
  from space 25088K, 99% used [0x00000007b3500000,0x00000007b4d7cd78,0x00000007b4d80000)
  to   space 41472K, 0% used [0x00000007baa80000,0x00000007baa80000,0x00000007bd300000)
 ParOldGen       total 82944K, used 82801K [0x0000000760000000, 0x0000000765100000, 0x00000007a0000000)
  object space 82944K, 99% used [0x0000000760000000,0x00000007650dc6b8,0x0000000765100000)
 Metaspace       used 68848K, capacity 71886K, committed 72192K, reserved 1112064K
  class space    used 8660K, capacity 9149K, committed 9216K, reserved 1048576K
}
Event: 1119.861 GC heap before
{Heap before GC invocations=32 (full 7):
 PSYoungGen      total 341504K, used 25075K [0x00000007a0000000, 0x00000007bd300000, 0x00000007c0000000)
  eden space 316416K, 0% used [0x00000007a0000000,0x00000007a0000000,0x00000007b3500000)
  from space 25088K, 99% used [0x00000007b3500000,0x00000007b4d7cd78,0x00000007b4d80000)
  to   space 41472K, 0% used [0x00000007baa80000,0x00000007baa80000,0x00000007bd300000)
 ParOldGen       total 82944K, used 82801K [0x0000000760000000, 0x0000000765100000, 0x00000007a0000000)
  object space 82944K, 99% used [0x0000000760000000,0x00000007650dc6b8,0x0000000765100000)
 Metaspace       used 68848K, capacity 71886K, committed 72192K, reserved 1112064K
  class space    used 8660K, capacity 9149K, committed 9216K, reserved 1048576K

